commit f2bbf8614cac6668fc1c0ddb8f0fc96717c55a25 (HEAD -> master, origin/master)
Author: Matteo Rizzi <matteo4.rizzi@mail.polimi.it>
Date:   Fri Nov 1 11:37:15 2019 +0300

    last changes


commit 0cd5e2a50ab11324a92032e65d4de6388a057fe9
Author: Matteo Rizzi <matteo4.rizzi@mail.polimi.it>
Date:   Thu Oct 31 23:56:48 2019 +0300

    requirements txt

commit 2e63bcc18f4a9d6dc271a557681906a86fd16617
Author: Matteo Rizzi <matteo4.rizzi@mail.polimi.it>
Date:   Mon Oct 28 11:15:10 2019 +0300

    design report

commit 273411631640f543d7b2f0cfb04ce383548fa8db
Author: Matteo Rizzi <matteo4.rizzi@mail.polimi.it>
Date:   Fri Oct 25 19:25:10 2019 +0300

    update report

commit 93a760e2f8e0e861d13750446d11fdcbe71a7bc3
Author: Matteo Rizzi <matteo4.rizzi@mail.polimi.it>
Date:   Thu Oct 24 10:58:26 2019 +0300

    starting writing repor

commit 4f96e2372e6039524b4f31c3153fe24427443c28
Author: Matteo Rizzi <matteo4.rizzi@mail.polimi.it>
Date:   Tue Oct 22 18:26:17 2019 +0300

    update files

commit 9060a4dd660890fa3eb8cfb2c57e6282ef9e41a1
Author: Matteo Rizzi <matteo4.rizzi@mail.polimi.it>